<?xml version="1.0" encoding="UTF-8"?>
<!-- Generated by org.testng.reporters.JUnitReportReporter -->
<testsuite hostname="MT-PG02HEP4" failures="0" tests="10" name="com.compre.Runner.TestRunner" time="262.746" errors="0" timestamp="2021-11-21T18:01:43 IST" skipped="0">
  <testcase classname="com.compre.Runner.TestRunner" name="runScenario" time="27.904"/>
  <system-out/>
  <testcase classname="com.compre.Runner.TestRunner" name="runScenario" time="18.509"/>
  <system-out/>
  <testcase classname="com.compre.Runner.TestRunner" name="runScenario" time="42.274"/>
  <system-out/>
  <testcase classname="com.compre.Runner.TestRunner" name="runScenario" time="26.067"/>
  <system-out/>
  <testcase classname="com.compre.Runner.TestRunner" name="runScenario" time="12.308"/>
  <system-out/>
  <testcase classname="com.compre.Runner.TestRunner" name="runScenario" time="22.387"/>
  <system-out/>
  <testcase classname="com.compre.Runner.TestRunner" name="runScenario" time="22.816"/>
  <system-out/>
  <testcase classname="com.compre.Runner.TestRunner" name="runScenario" time="18.872"/>
  <system-out/>
  <testcase classname="com.compre.Runner.TestRunner" name="runScenario" time="17.564"/>
  <system-out/>
  <testcase classname="com.compre.Runner.TestRunner" name="runScenario" time="54.045"/>
  <system-out/>
</testsuite> <!-- com.compre.Runner.TestRunner -->
