<?xml version="1.0" encoding="UTF-8"?>
<!-- Generated by org.testng.reporters.JUnitReportReporter -->
<testsuite hostname="MT-PG02HEP4" failures="0" tests="10" name="com.compre.Runner.TestRunner" time="245.616" errors="0" timestamp="2021-11-22T13:00:45 IST" skipped="0">
  <testcase classname="com.compre.Runner.TestRunner" name="runScenario" time="32.044"/>
  <system-out/>
  <testcase classname="com.compre.Runner.TestRunner" name="runScenario" time="25.780"/>
  <system-out/>
  <testcase classname="com.compre.Runner.TestRunner" name="runScenario" time="40.553"/>
  <system-out/>
  <testcase classname="com.compre.Runner.TestRunner" name="runScenario" time="24.771"/>
  <system-out/>
  <testcase classname="com.compre.Runner.TestRunner" name="runScenario" time="22.588"/>
  <system-out/>
  <testcase classname="com.compre.Runner.TestRunner" name="runScenario" time="11.473"/>
  <system-out/>
  <testcase classname="com.compre.Runner.TestRunner" name="runScenario" time="28.666"/>
  <system-out/>
  <testcase classname="com.compre.Runner.TestRunner" name="runScenario" time="20.748"/>
  <system-out/>
  <testcase classname="com.compre.Runner.TestRunner" name="runScenario" time="17.286"/>
  <system-out/>
  <testcase classname="com.compre.Runner.TestRunner" name="runScenario" time="21.707"/>
  <system-out/>
</testsuite> <!-- com.compre.Runner.TestRunner -->
